2024-09-07 19:43:11 [I] - ***********************************************
2024-09-07 19:43:11 [I] - 提取方式二:传入参数为CMarkup类型
2024-09-07 19:43:11 [I] - 创建辅助阅读空节点
2024-09-07 19:43:56 [I] - ***********************************************
2024-09-07 19:43:56 [I] - 提取方式二:传入参数为CMarkup类型
2024-09-07 19:43:56 [I] - 创建辅助阅读空节点
2024-09-07 19:44:06 [I] - ***********************************************
2024-09-07 19:44:06 [I] - 提取方式二:传入参数为CMarkup类型
2024-09-07 19:44:06 [I] - start extract title
2024-09-07 19:44:06 [I] - title extract success
2024-09-07 19:44:06 [I] - start extract authors
2024-09-07 19:44:06 [I] - authors extract fail
2024-09-07 19:44:06 [I] - start extract abstract
2024-09-07 19:44:06 [I] - abstract extract fail
2024-09-07 19:44:06 [I] - start extract keyWords
2024-09-07 19:44:06 [I] - keyWords extract fail
2024-09-07 19:44:06 [I] - start extract catalogs
2024-09-07 19:44:06 [I] - catalogs extract success
2024-09-07 19:44:06 [I] - ***********************************************
2024-09-07 19:44:38 [I] - ***********************************************
2024-09-07 19:44:38 [I] - 提取方式二:传入参数为CMarkup类型
2024-09-07 19:44:38 [I] - start extract title
2024-09-07 19:44:38 [I] - title extract success
2024-09-07 19:44:38 [I] - start extract authors
2024-09-07 19:44:38 [I] - authors extract fail
2024-09-07 19:44:38 [I] - start extract abstract
2024-09-07 19:44:38 [I] - abstract extract fail
2024-09-07 19:44:38 [I] - start extract keyWords
2024-09-07 19:44:38 [I] - keyWords extract fail
2024-09-07 19:44:38 [I] - start extract catalogs
2024-09-07 19:44:38 [I] - catalogs extract fail
2024-09-07 19:44:38 [I] - ***********************************************
